TN:
SF:C:\prjs\blog\guitartools\src\components\HelloWorld.vue
FNF:0
FNH:0
DA:12,1
LF:1
LH:1
BRF:0
BRH:0
end_of_record
TN:
SF:C:\prjs\blog\guitartools\src\class\Lyric.js
FN:9,(anonymous_0)
FN:13,(anonymous_1)
FN:14,(anonymous_2)
FN:16,(anonymous_3)
FN:31,(anonymous_4)
FN:47,(anonymous_5)
FN:69,(anonymous_6)
FNF:7
FNH:7
FNDA:2,(anonymous_0)
FNDA:1,(anonymous_1)
FNDA:1,(anonymous_2)
FNDA:1,(anonymous_3)
FNDA:1,(anonymous_4)
FNDA:6,(anonymous_5)
FNDA:1,(anonymous_6)
DA:6,1
DA:10,2
DA:14,1
DA:15,1
DA:16,1
DA:17,1
DA:18,1
DA:19,1
DA:20,1
DA:21,1
DA:22,1
DA:24,0
DA:25,0
DA:29,1
DA:30,1
DA:32,1
DA:33,1
DA:48,6
DA:49,6
DA:50,6
DA:51,6
DA:53,9
DA:55,9
DA:57,9
DA:59,6
DA:60,6
DA:61,6
DA:62,6
DA:64,6
DA:69,6
DA:70,6
DA:74,1
LF:32
LH:30
BRDA:19,0,0,1
BRDA:19,0,1,0
BRDA:21,1,0,1
BRDA:21,1,1,0
BRDA:21,2,0,1
BRDA:21,2,1,1
BRDA:21,2,2,0
BRDA:57,3,0,6
BRDA:57,3,1,3
BRDA:63,4,0,5
BRDA:63,4,1,1
BRF:11
BRH:8
end_of_record
TN:
SF:C:\prjs\blog\guitartools\src\App.vue
FNF:0
FNH:0
DA:23,0
DA:35,0
LF:2
LH:0
BRF:0
BRH:0
end_of_record
TN:
SF:C:\prjs\blog\guitartools\src\components\MusicSprite.vue
FNF:0
FNH:0
LF:0
LH:0
BRF:0
BRH:0
end_of_record
TN:
SF:C:\prjs\blog\guitartools\src\class\SoundSprite.js
FNF:0
FNH:0
DA:11,0
DA:19,0
DA:23,0
DA:27,0
DA:38,0
DA:42,0
DA:43,0
DA:48,0
LF:8
LH:0
BRDA:40,0,0,0
BRDA:42,1,0,0
BRDA:42,1,1,0
BRDA:48,2,0,0
BRDA:48,2,1,0
BRF:5
BRH:0
end_of_record
TN:
SF:C:\prjs\blog\guitartools\src\components\AudioPlayer.vue
FNF:0
FNH:0
LF:0
LH:0
BRF:0
BRH:0
end_of_record
TN:
SF:C:\prjs\blog\guitartools\src\class\VueHowler.js
FN:17,(anonymous_0)
FN:92,(anonymous_1)
FN:104,(anonymous_2)
FN:111,(anonymous_3)
FN:117,(anonymous_4)
FN:123,(anonymous_5)
FN:129,(anonymous_6)
FN:139,(anonymous_7)
FN:145,(anonymous_8)
FN:151,(anonymous_9)
FN:233,(anonymous_10)
FN:240,(anonymous_11)
FN:262,(anonymous_12)
FN:267,(anonymous_13)
FNF:14
FNH:0
FNDA:0,(anonymous_0)
FNDA:0,(anonymous_1)
FNDA:0,(anonymous_2)
FNDA:0,(anonymous_3)
FNDA:0,(anonymous_4)
FNDA:0,(anonymous_5)
FNDA:0,(anonymous_6)
FNDA:0,(anonymous_7)
FNDA:0,(anonymous_8)
FNDA:0,(anonymous_9)
FNDA:0,(anonymous_10)
FNDA:0,(anonymous_11)
FNDA:0,(anonymous_12)
FNDA:0,(anonymous_13)
DA:16,0
DA:17,0
DA:55,0
DA:93,0
DA:105,0
DA:112,0
DA:118,0
DA:124,0
DA:130,0
DA:131,0
DA:132,0
DA:140,0
DA:146,0
DA:152,0
DA:165,0
DA:166,0
DA:171,0
DA:175,0
DA:181,0
DA:183,0
DA:185,0
DA:191,0
DA:196,0
DA:205,0
DA:206,0
DA:212,0
DA:223,0
DA:224,0
DA:226,0
DA:229,0
DA:233,0
DA:235,0
DA:236,0
DA:240,0
DA:241,0
DA:242,0
DA:246,0
DA:249,0
DA:257,0
DA:258,0
DA:262,0
DA:263,0
DA:267,0
DA:268,0
DA:269,0
DA:270,0
DA:273,0
DA:274,0
DA:275,0
DA:278,0
DA:282,0
DA:284,0
DA:286,0
DA:287,0
DA:288,0
DA:289,0
DA:296,0
DA:302,0
DA:308,0
DA:309,0
DA:311,0
DA:318,0
DA:324,0
DA:325,0
DA:331,0
DA:332,0
DA:338,0
DA:339,0
DA:347,0
DA:348,0
DA:353,0
DA:361,0
DA:362,0
DA:365,0
DA:373,0
DA:374,0
DA:377,0
DA:385,0
DA:386,0
DA:391,0
LF:80
LH:0
BRDA:17,0,0,0
BRDA:17,0,1,0
BRDA:131,1,0,0
BRDA:131,1,1,0
BRDA:165,2,0,0
BRDA:165,2,1,0
BRDA:183,3,0,0
BRDA:183,3,1,0
BRDA:226,4,0,0
BRDA:226,4,1,0
BRDA:235,5,0,0
BRDA:235,5,1,0
BRDA:241,6,0,0
BRDA:241,6,1,0
BRDA:255,7,0,0
BRDA:257,8,0,0
BRDA:257,8,1,0
BRDA:263,9,0,0
BRDA:263,9,1,0
BRDA:268,10,0,0
BRDA:268,10,1,0
BRDA:269,11,0,0
BRDA:269,11,1,0
BRDA:286,12,0,0
BRDA:286,12,1,0
BRDA:296,13,0,0
BRDA:296,13,1,0
BRDA:302,14,0,0
BRDA:302,14,1,0
BRDA:308,15,0,0
BRDA:308,15,1,0
BRDA:347,16,0,0
BRDA:347,16,1,0
BRDA:361,17,0,0
BRDA:361,17,1,0
BRDA:373,18,0,0
BRDA:373,18,1,0
BRDA:385,19,0,0
BRDA:385,19,1,0
BRF:39
BRH:0
end_of_record
TN:
SF:C:\prjs\blog\guitartools\src\Demo.vue
FNF:0
FNH:0
DA:31,0
LF:1
LH:0
BRF:0
BRH:0
end_of_record
TN:
SF:C:\prjs\blog\guitartools\src\router\index.js
FNF:0
FNH:0
DA:5,1
LF:1
LH:1
BRF:0
BRH:0
end_of_record
